	Command being timed: "./demultiplex.py -I ../indexes.txt -R1 /projects/bgmp/shared/2017_sequencing/1294_S1_L008_R1_001.fastq.gz -R4 /projects/bgmp/shared/2017_sequencing/1294_S1_L008_R4_001.fastq.gz -R2 /projects/bgmp/shared/2017_sequencing/1294_S1_L008_R2_001.fastq.gz -R3 /projects/bgmp/shared/2017_sequencing/1294_S1_L008_R3_001.fastq.gz -O 25_cutoff -Q 25"
	User time (seconds): 3987.88
	System time (seconds): 28.83
	Percent of CPU this job got: 85%
	Elapsed (wall clock) time (h:mm:ss or m:ss): 1:18:34
	Average shared text size (kbytes): 0
	Average unshared data size (kbytes): 0
	Average stack size (kbytes): 0
	Average total size (kbytes): 0
	Maximum resident set size (kbytes): 260564
	Average resident set size (kbytes): 0
	Major (requiring I/O) page faults: 0
	Minor (reclaiming a frame) page faults: 42522
	Voluntary context switches: 57742
	Involuntary context switches: 9986
	Swaps: 0
	File system inputs: 0
	File system outputs: 0
	Socket messages sent: 0
	Socket messages received: 0
	Signals delivered: 0
	Page size (bytes): 4096
	Exit status: 0
