Traceback (most recent call last):
  File "/gpfs/projects/bgmp/calz/bioinfo/Bi622/Demultiplex/Assignment-the-third/./demultiplex.py", line 105, in <module>
    R1[0] = (append_header(R1[0], I1[1], I2[1]))
             ^^^^^^^^^^^^^^^^^^^^^^^^^^^^^^^^^^
  File "/gpfs/projects/bgmp/calz/bioinfo/Bi622/Demultiplex/Assignment-the-third/./demultiplex.py", line 53, in append_header
    Index_2 = rev_comp(Index_2)
              ^^^^^^^^^^^^^^^^^
  File "/gpfs/projects/bgmp/calz/bioinfo/Bi622/Demultiplex/Assignment-the-third/./demultiplex.py", line 46, in rev_comp
    RC += comp_dict[base]
          ~~~~~~~~~^^^^^^
KeyError: 65
Command exited with non-zero status 1
	Command being timed: "./demultiplex.py -I ../indexes.txt -R1 /projects/bgmp/shared/2017_sequencing/1294_S1_L008_R1_001.fastq.gz -R4 /projects/bgmp/shared/2017_sequencing/1294_S1_L008_R4_001.fastq.gz -R2 /projects/bgmp/shared/2017_sequencing/1294_S1_L008_R2_001.fastq.gz -R3 /projects/bgmp/shared/2017_sequencing/1294_S1_L008_R3_001.fastq.gz -O 30_cutoff -Q 30"
	User time (seconds): 0.06
	System time (seconds): 0.03
	Percent of CPU this job got: 9%
	Elapsed (wall clock) time (h:mm:ss or m:ss): 0:00.92
	Average shared text size (kbytes): 0
	Average unshared data size (kbytes): 0
	Average stack size (kbytes): 0
	Average total size (kbytes): 0
	Maximum resident set size (kbytes): 42596
	Average resident set size (kbytes): 0
	Major (requiring I/O) page faults: 0
	Minor (reclaiming a frame) page faults: 8103
	Voluntary context switches: 279
	Involuntary context switches: 0
	Swaps: 0
	File system inputs: 0
	File system outputs: 0
	Socket messages sent: 0
	Socket messages received: 0
	Signals delivered: 0
	Page size (bytes): 4096
	Exit status: 1
