	Command being timed: "./demultiplex.py -I ../indexes.txt -R1 /projects/bgmp/shared/2017_sequencing/1294_S1_L008_R1_001.fastq.gz -R4 /projects/bgmp/shared/2017_sequencing/1294_S1_L008_R4_001.fastq.gz -R2 /projects/bgmp/shared/2017_sequencing/1294_S1_L008_R2_001.fastq.gz -R3 /projects/bgmp/shared/2017_sequencing/1294_S1_L008_R3_001.fastq.gz -O 30_cutoff -Q 30"
	User time (seconds): 4029.64
	System time (seconds): 41.52
	Percent of CPU this job got: 88%
	Elapsed (wall clock) time (h:mm:ss or m:ss): 1:16:26
	Average shared text size (kbytes): 0
	Average unshared data size (kbytes): 0
	Average stack size (kbytes): 0
	Average total size (kbytes): 0
	Maximum resident set size (kbytes): 260756
	Average resident set size (kbytes): 0
	Major (requiring I/O) page faults: 0
	Minor (reclaiming a frame) page faults: 40130
	Voluntary context switches: 48617
	Involuntary context switches: 9845
	Swaps: 0
	File system inputs: 0
	File system outputs: 0
	Socket messages sent: 0
	Socket messages received: 0
	Signals delivered: 0
	Page size (bytes): 4096
	Exit status: 0
